<?xml version="1.0" encoding="UTF-8"?>
<!-- Generated by org.testng.reporters.JUnitReportReporter -->
<testsuite hostname="Gaurav" failures="0" tests="1" name="TestLayer.LoginPageTest" time="5.898" errors="0" timestamp="2022-08-16T18:06:33 IST" skipped="0">
  <testcase classname="TestLayer.LoginPageTest" name="validateLoginFunctions" time="5.898"/>
  <system-out/>
</testsuite> <!-- TestLayer.LoginPageTest -->
