<?xml version="1.0" encoding="UTF-8"?>
<!-- Generated by org.testng.reporters.JUnitReportReporter -->
<testsuite hostname="Gaurav" failures="0" tests="5" name="TestLayer.PIMPageTest" time="9.181" errors="0" timestamp="2022-08-16T18:06:33 IST" skipped="0">
  <testcase classname="TestLayer.PIMPageTest" name="clickonpimlink" time="3.075"/>
  <system-out/>
  <testcase classname="TestLayer.PIMPageTest" name="valiadateUrlPIMPage" time="0.006"/>
  <system-out/>
  <testcase classname="TestLayer.PIMPageTest" name="validatepimfunctions" time="4.563"/>
  <system-out/>
  <testcase classname="TestLayer.PIMPageTest" name="validatepimfunctions2" time="0.408"/>
  <system-out/>
  <testcase classname="TestLayer.PIMPageTest" name="validatedropdownpimpage2" time="1.129"/>
  <system-out/>
</testsuite> <!-- TestLayer.PIMPageTest -->
