<?xml version="1.0" encoding="UTF-8"?>
<!-- Generated by org.testng.reporters.JUnitReportReporter -->
<testsuite hostname="Gaurav" failures="0" tests="3" name="TestLayer.HomePageTest" time="0.056" errors="0" timestamp="2022-08-16T18:06:33 IST" skipped="0">
  <testcase classname="TestLayer.HomePageTest" name="validateHomePageLogo" time="0.042"/>
  <system-out/>
  <testcase classname="TestLayer.HomePageTest" name="validateTitleHompePage" time="0.008"/>
  <system-out/>
  <testcase classname="TestLayer.HomePageTest" name="valiadateUrlHomePage" time="0.006"/>
  <system-out/>
</testsuite> <!-- TestLayer.HomePageTest -->
